{
  "stats": {
    "suites": 1,
    "tests": 6,
    "passes": 6,
    "pending": 0,
    "failures": 0,
    "start": "2022-07-29T20:40:34.715Z",
    "end": "2022-07-29T20:40:42.448Z",
    "duration": 7733,
    "testsRegistered": 6,
    "passPercent": 100,
    "pendingPercent": 0,
    "other": 0,
    "hasOther": false,
    "skipped": 0,
    "hasSkipped": false
  },
  "results": [
    {
      "uuid": "97003930-ec4e-44b2-b51a-2f9199fd4914",
      "title": "",
      "fullFile": "cypress/integration/01.LoginPage_spec.js",
      "file": "cypress/integration/01.LoginPage_spec.js",
      "beforeHooks": [],
      "afterHooks": [],
      "tests": [],
      "suites": [
        {
          "uuid": "5c0a98b6-0879-4eab-a219-25885a7839e3",
          "title": "1 - Crie uma página inicial de login com os seguintes campos e características:",
          "fullFile": "",
          "file": "",
          "beforeHooks": [],
          "afterHooks": [],
          "tests": [
            {
              "title": "A rota para esta página deve ser '/'",
              "fullTitle": "1 - Crie uma página inicial de login com os seguintes campos e características: A rota para esta página deve ser '/'",
              "timedOut": null,
              "duration": 782,
              "state": "passed",
              "speed": "fast",
              "pass": true,
              "fail": false,
              "pending": false,
              "context": null,
              "code": "cy.location('pathname').should('eq', '/');",
              "err": {},
              "uuid": "1744db8d-2967-47a6-8021-2ccdbad6e6f5",
              "parentUUID": "5c0a98b6-0879-4eab-a219-25885a7839e3",
              "isHook": false,
              "skipped": false
            },
            {
              "title": "Crie um local para que o usuário insira seu email e senha",
              "fullTitle": "1 - Crie uma página inicial de login com os seguintes campos e características: Crie um local para que o usuário insira seu email e senha",
              "timedOut": null,
              "duration": 234,
              "state": "passed",
              "speed": "fast",
              "pass": true,
              "fail": false,
              "pending": false,
              "context": null,
              "code": "cy.getByTestId(_constants.EMAIL_INPUT_TEST_ID).should('exist');\ncy.getByTestId(_constants.PASSWORD_INPUT_TEST_ID).should('exist');",
              "err": {},
              "uuid": "21b94487-9ca8-4d5c-8fea-aadc532c117d",
              "parentUUID": "5c0a98b6-0879-4eab-a219-25885a7839e3",
              "isHook": false,
              "skipped": false
            },
            {
              "title": "Crie um botão com o texto 'Entrar'",
              "fullTitle": "1 - Crie uma página inicial de login com os seguintes campos e características: Crie um botão com o texto 'Entrar'",
              "timedOut": null,
              "duration": 161,
              "state": "passed",
              "speed": "fast",
              "pass": true,
              "fail": false,
              "pending": false,
              "context": null,
              "code": "cy.contains(/Entrar/i).should('exist');",
              "err": {},
              "uuid": "ab5aa70c-2f7a-4bfc-84fc-2e3cedcd4c74",
              "parentUUID": "5c0a98b6-0879-4eab-a219-25885a7839e3",
              "isHook": false,
              "skipped": false
            },
            {
              "title": "Realize as seguintes verificações nos campos de email, senha e botão:",
              "fullTitle": "1 - Crie uma página inicial de login com os seguintes campos e características: Realize as seguintes verificações nos campos de email, senha e botão:",
              "timedOut": null,
              "duration": 3369,
              "state": "passed",
              "speed": "fast",
              "pass": true,
              "fail": false,
              "pending": false,
              "context": null,
              "code": "cy.contains(/Entrar/i).should('be.disabled');\ncy.getByTestId(_constants.EMAIL_INPUT_TEST_ID).type(_constants.INVALID_EMAIL_0);\ncy.getByTestId(_constants.PASSWORD_INPUT_TEST_ID).type(_constants.VALID_PASSWORD);\ncy.contains(/Entrar/i).should('be.disabled');\ncy.getByTestId(_constants.EMAIL_INPUT_TEST_ID).clear().type(_constants.INVALID_EMAIL_1);\ncy.getByTestId(_constants.PASSWORD_INPUT_TEST_ID).clear().type(_constants.VALID_PASSWORD);\ncy.contains(/Entrar/i).should('be.disabled');\ncy.getByTestId(_constants.EMAIL_INPUT_TEST_ID).clear().type(_constants.INVALID_EMAIL_2);\ncy.getByTestId(_constants.PASSWORD_INPUT_TEST_ID).clear().type(_constants.VALID_PASSWORD);\ncy.contains(/Entrar/i).should('be.disabled');\ncy.getByTestId(_constants.EMAIL_INPUT_TEST_ID).clear().type(_constants.INVALID_EMAIL_3);\ncy.getByTestId(_constants.PASSWORD_INPUT_TEST_ID).clear().type(_constants.VALID_PASSWORD);\ncy.contains(/Entrar/i).should('be.disabled');\ncy.getByTestId(_constants.EMAIL_INPUT_TEST_ID).clear().type(_constants.VALID_EMAIL);\ncy.getByTestId(_constants.PASSWORD_INPUT_TEST_ID).clear().type(_constants.INVALID_PASSWORD);\ncy.contains(/Entrar/i).should('be.disabled');\ncy.getByTestId(_constants.EMAIL_INPUT_TEST_ID).clear().type(_constants.VALID_EMAIL);\ncy.getByTestId(_constants.PASSWORD_INPUT_TEST_ID).clear().type(_constants.VALID_PASSWORD);\ncy.contains(/Entrar/i).should('not.be.disabled');",
              "err": {},
              "uuid": "5b60290d-7274-4beb-aabc-39e2a839a847",
              "parentUUID": "5c0a98b6-0879-4eab-a219-25885a7839e3",
              "isHook": false,
              "skipped": false
            },
            {
              "title": "Salve o email no estado da aplicação, com a chave email, assim que o usuário logar.",
              "fullTitle": "1 - Crie uma página inicial de login com os seguintes campos e características: Salve o email no estado da aplicação, com a chave email, assim que o usuário logar.",
              "timedOut": null,
              "duration": 775,
              "state": "passed",
              "speed": "fast",
              "pass": true,
              "fail": false,
              "pending": false,
              "context": null,
              "code": "(0, _helperFunctions.logInWithValidCredentials)();\ncy.window().its('store').invoke('getState').its('user.email').should('eq', _constants.VALID_EMAIL);",
              "err": {},
              "uuid": "b2967bfc-e726-477c-b5a4-d81303a58de4",
              "parentUUID": "5c0a98b6-0879-4eab-a219-25885a7839e3",
              "isHook": false,
              "skipped": false
            },
            {
              "title": "A rota deve ser mudada para '/carteira' após o clique no botão.",
              "fullTitle": "1 - Crie uma página inicial de login com os seguintes campos e características: A rota deve ser mudada para '/carteira' após o clique no botão.",
              "timedOut": null,
              "duration": 778,
              "state": "passed",
              "speed": "fast",
              "pass": true,
              "fail": false,
              "pending": false,
              "context": null,
              "code": "(0, _helperFunctions.logInWithValidCredentials)();\ncy.location('pathname').should('eq', '/carteira');",
              "err": {},
              "uuid": "16ce5811-0abb-423d-ba08-27b61e0ae100",
              "parentUUID": "5c0a98b6-0879-4eab-a219-25885a7839e3",
              "isHook": false,
              "skipped": false
            }
          ],
          "suites": [],
          "passes": [
            "1744db8d-2967-47a6-8021-2ccdbad6e6f5",
            "21b94487-9ca8-4d5c-8fea-aadc532c117d",
            "ab5aa70c-2f7a-4bfc-84fc-2e3cedcd4c74",
            "5b60290d-7274-4beb-aabc-39e2a839a847",
            "b2967bfc-e726-477c-b5a4-d81303a58de4",
            "16ce5811-0abb-423d-ba08-27b61e0ae100"
          ],
          "failures": [],
          "pending": [],
          "skipped": [],
          "duration": 6099,
          "root": false,
          "rootEmpty": false,
          "_timeout": 2000
        }
      ],
      "passes": [],
      "failures": [],
      "pending": [],
      "skipped": [],
      "duration": 0,
      "root": true,
      "rootEmpty": true,
      "_timeout": 2000
    }
  ],
  "meta": {
    "mocha": {
      "version": "7.0.1"
    },
    "mochawesome": {
      "options": {
        "quiet": false,
        "reportFilename": "mochawesome",
        "saveHtml": false,
        "saveJson": true,
        "consoleReporter": "spec",
        "useInlineDiffs": false,
        "code": true
      },
      "version": "7.1.3"
    },
    "marge": {
      "options": {
        "id": "default",
        "reportDir": "cypress/reports",
        "overwrite": false,
        "html": false,
        "json": true
      },
      "version": "6.2.0"
    }
  }
}